09/05 09:38:46 PM Experiment dir : results/search_edanas_imagenette/iter_0/net_0
09/05 09:38:47 PM Running on GPU
09/05 09:38:47 PM Model: eemobilenetv3
MODEL PATH:  NasSearchSpace/ofa/supernets/ofa_mbv3_d234_e346_k357_w1.0
09/05 09:38:49 PM DATASET: imagenette
09/05 09:38:49 PM Resolution: 160
09/05 09:38:49 PM Number of classes: 10
EE epochs:  5
09/05 09:39:21 PM Experiment dir : results/search_edanas_imagenette/iter_0/net_1
09/05 09:39:21 PM Running on GPU
09/05 09:39:21 PM Model: eemobilenetv3
MODEL PATH:  NasSearchSpace/ofa/supernets/ofa_mbv3_d234_e346_k357_w1.0
09/05 09:39:22 PM DATASET: imagenette
09/05 09:39:22 PM Resolution: 160
09/05 09:39:22 PM Number of classes: 10
EE epochs:  5
09/05 09:39:39 PM Experiment dir : results/search_edanas_imagenette/iter_0/net_2
09/05 09:39:40 PM Running on GPU
09/05 09:39:40 PM Model: eemobilenetv3
MODEL PATH:  NasSearchSpace/ofa/supernets/ofa_mbv3_d234_e346_k357_w1.0
09/05 09:39:40 PM DATASET: imagenette
09/05 09:39:40 PM Resolution: 160
09/05 09:39:40 PM Number of classes: 10
EE epochs:  5
09/05 09:40:07 PM Experiment dir : results/search_edanas_imagenette/iter_0/net_3
09/05 09:40:08 PM Running on GPU
09/05 09:40:08 PM Model: eemobilenetv3
MODEL PATH:  NasSearchSpace/ofa/supernets/ofa_mbv3_d234_e346_k357_w1.0
09/05 09:40:08 PM DATASET: imagenette
09/05 09:40:08 PM Resolution: 160
09/05 09:40:08 PM Number of classes: 10
EE epochs:  5
09/05 09:40:26 PM Experiment dir : results/search_edanas_imagenette/iter_0/net_4
09/05 09:40:26 PM Running on GPU
09/05 09:40:27 PM Model: eemobilenetv3
MODEL PATH:  NasSearchSpace/ofa/supernets/ofa_mbv3_d234_e346_k357_w1.0
09/05 09:40:27 PM DATASET: imagenette
09/05 09:40:27 PM Resolution: 160
09/05 09:40:27 PM Number of classes: 10
EE epochs:  5
09/05 09:40:42 PM Experiment dir : results/search_edanas_imagenette/iter_0/net_5
09/05 09:40:43 PM Running on GPU
09/05 09:40:43 PM Model: eemobilenetv3
MODEL PATH:  NasSearchSpace/ofa/supernets/ofa_mbv3_d234_e346_k357_w1.0
09/05 09:40:43 PM DATASET: imagenette
09/05 09:40:43 PM Resolution: 160
09/05 09:40:43 PM Number of classes: 10
EE epochs:  5
09/05 09:41:00 PM Experiment dir : results/search_edanas_imagenette/iter_0/net_6
09/05 09:41:00 PM Running on GPU
09/05 09:41:00 PM Model: eemobilenetv3
MODEL PATH:  NasSearchSpace/ofa/supernets/ofa_mbv3_d234_e346_k357_w1.0
09/05 09:41:01 PM DATASET: imagenette
09/05 09:41:01 PM Resolution: 160
09/05 09:41:01 PM Number of classes: 10
EE epochs:  5
09/05 09:41:14 PM Experiment dir : results/search_edanas_imagenette/iter_0/net_7
09/05 09:41:15 PM Running on GPU
09/05 09:41:15 PM Model: eemobilenetv3
MODEL PATH:  NasSearchSpace/ofa/supernets/ofa_mbv3_d234_e346_k357_w1.0
09/05 09:41:15 PM DATASET: imagenette
09/05 09:41:15 PM Resolution: 160
09/05 09:41:15 PM Number of classes: 10
EE epochs:  5
09/05 09:41:24 PM Experiment dir : results/search_edanas_imagenette/iter_0/net_8
09/05 09:41:25 PM Running on GPU
09/05 09:41:25 PM Model: eemobilenetv3
MODEL PATH:  NasSearchSpace/ofa/supernets/ofa_mbv3_d234_e346_k357_w1.0
09/05 09:41:25 PM DATASET: imagenette
09/05 09:41:25 PM Resolution: 160
09/05 09:41:25 PM Number of classes: 10
EE epochs:  5
09/05 09:41:37 PM Experiment dir : results/search_edanas_imagenette/iter_0/net_9
09/05 09:41:38 PM Running on GPU
09/05 09:41:38 PM Model: eemobilenetv3
MODEL PATH:  NasSearchSpace/ofa/supernets/ofa_mbv3_d234_e346_k357_w1.0
09/05 09:41:38 PM DATASET: imagenette
09/05 09:41:38 PM Resolution: 160
09/05 09:41:38 PM Number of classes: 10
EE epochs:  5
09/05 09:41:51 PM Experiment dir : results/search_edanas_imagenette/iter_0/net_10
09/05 09:41:51 PM Running on GPU
09/05 09:41:52 PM Model: eemobilenetv3
MODEL PATH:  NasSearchSpace/ofa/supernets/ofa_mbv3_d234_e346_k357_w1.0
09/05 09:41:52 PM DATASET: imagenette
09/05 09:41:52 PM Resolution: 160
09/05 09:41:52 PM Number of classes: 10
EE epochs:  5
09/05 09:42:10 PM Experiment dir : results/search_edanas_imagenette/iter_0/net_11
09/05 09:42:11 PM Running on GPU
09/05 09:42:11 PM Model: eemobilenetv3
MODEL PATH:  NasSearchSpace/ofa/supernets/ofa_mbv3_d234_e346_k357_w1.0
09/05 09:42:11 PM DATASET: imagenette
09/05 09:42:11 PM Resolution: 160
09/05 09:42:11 PM Number of classes: 10
EE epochs:  5
09/05 09:42:34 PM Experiment dir : results/search_edanas_imagenette/iter_0/net_12
09/05 09:42:35 PM Running on GPU
09/05 09:42:35 PM Model: eemobilenetv3
MODEL PATH:  NasSearchSpace/ofa/supernets/ofa_mbv3_d234_e346_k357_w1.0
09/05 09:42:35 PM DATASET: imagenette
09/05 09:42:35 PM Resolution: 160
09/05 09:42:35 PM Number of classes: 10
EE epochs:  5
09/05 09:42:54 PM Experiment dir : results/search_edanas_imagenette/iter_0/net_13
09/05 09:42:55 PM Running on GPU
09/05 09:42:55 PM Model: eemobilenetv3
MODEL PATH:  NasSearchSpace/ofa/supernets/ofa_mbv3_d234_e346_k357_w1.0
09/05 09:42:55 PM DATASET: imagenette
09/05 09:42:55 PM Resolution: 160
09/05 09:42:55 PM Number of classes: 10
EE epochs:  5
09/05 09:43:16 PM Experiment dir : results/search_edanas_imagenette/iter_0/net_14
09/05 09:43:17 PM Running on GPU
09/05 09:43:17 PM Model: eemobilenetv3
MODEL PATH:  NasSearchSpace/ofa/supernets/ofa_mbv3_d234_e346_k357_w1.0
09/05 09:43:17 PM DATASET: imagenette
09/05 09:43:17 PM Resolution: 160
09/05 09:43:17 PM Number of classes: 10
EE epochs:  5
09/05 09:43:32 PM Experiment dir : results/search_edanas_imagenette/iter_0/net_15
09/05 09:43:33 PM Running on GPU
09/05 09:43:33 PM Model: eemobilenetv3
MODEL PATH:  NasSearchSpace/ofa/supernets/ofa_mbv3_d234_e346_k357_w1.0
09/05 09:43:33 PM DATASET: imagenette
09/05 09:43:33 PM Resolution: 160
09/05 09:43:33 PM Number of classes: 10
EE epochs:  5
09/05 09:43:46 PM Experiment dir : results/search_edanas_imagenette/iter_0/net_16
09/05 09:43:47 PM Running on GPU
09/05 09:43:47 PM Model: eemobilenetv3
MODEL PATH:  NasSearchSpace/ofa/supernets/ofa_mbv3_d234_e346_k357_w1.0
09/05 09:43:47 PM DATASET: imagenette
09/05 09:43:47 PM Resolution: 160
09/05 09:43:47 PM Number of classes: 10
EE epochs:  5
09/05 09:44:01 PM Experiment dir : results/search_edanas_imagenette/iter_0/net_17
09/05 09:44:01 PM Running on GPU
09/05 09:44:01 PM Model: eemobilenetv3
MODEL PATH:  NasSearchSpace/ofa/supernets/ofa_mbv3_d234_e346_k357_w1.0
09/05 09:44:02 PM DATASET: imagenette
09/05 09:44:02 PM Resolution: 160
09/05 09:44:02 PM Number of classes: 10
EE epochs:  5
09/05 09:44:10 PM Experiment dir : results/search_edanas_imagenette/iter_0/net_18
09/05 09:44:11 PM Running on GPU
09/05 09:44:11 PM Model: eemobilenetv3
MODEL PATH:  NasSearchSpace/ofa/supernets/ofa_mbv3_d234_e346_k357_w1.0
09/05 09:44:11 PM DATASET: imagenette
09/05 09:44:11 PM Resolution: 160
09/05 09:44:11 PM Number of classes: 10
EE epochs:  5
09/05 09:44:17 PM Experiment dir : results/search_edanas_imagenette/iter_0/net_19
09/05 09:44:17 PM Running on GPU
09/05 09:44:17 PM Model: eemobilenetv3
MODEL PATH:  NasSearchSpace/ofa/supernets/ofa_mbv3_d234_e346_k357_w1.0
09/05 09:44:18 PM DATASET: imagenette
09/05 09:44:18 PM Resolution: 160
09/05 09:44:18 PM Number of classes: 10
EE epochs:  5
09/05 09:44:20 PM Experiment dir : results/search_edanas_imagenette/iter_0/net_20
09/05 09:44:21 PM Running on GPU
09/05 09:44:21 PM Model: eemobilenetv3
MODEL PATH:  NasSearchSpace/ofa/supernets/ofa_mbv3_d234_e346_k357_w1.0
09/05 09:44:21 PM DATASET: imagenette
09/05 09:44:21 PM Resolution: 160
09/05 09:44:21 PM Number of classes: 10
EE epochs:  5
09/05 09:44:24 PM Experiment dir : results/search_edanas_imagenette/iter_0/net_21
09/05 09:44:24 PM Running on GPU
09/05 09:44:24 PM Model: eemobilenetv3
MODEL PATH:  NasSearchSpace/ofa/supernets/ofa_mbv3_d234_e346_k357_w1.0
09/05 09:44:24 PM DATASET: imagenette
09/05 09:44:24 PM Resolution: 160
09/05 09:44:24 PM Number of classes: 10
EE epochs:  5
09/05 09:44:28 PM Experiment dir : results/search_edanas_imagenette/iter_0/net_22
09/05 09:44:28 PM Running on GPU
09/05 09:44:28 PM Model: eemobilenetv3
MODEL PATH:  NasSearchSpace/ofa/supernets/ofa_mbv3_d234_e346_k357_w1.0
09/05 09:44:28 PM DATASET: imagenette
09/05 09:44:28 PM Resolution: 160
09/05 09:44:28 PM Number of classes: 10
EE epochs:  5
09/05 09:44:31 PM Experiment dir : results/search_edanas_imagenette/iter_0/net_23
09/05 09:44:32 PM Running on GPU
09/05 09:44:32 PM Model: eemobilenetv3
MODEL PATH:  NasSearchSpace/ofa/supernets/ofa_mbv3_d234_e346_k357_w1.0
09/05 09:44:32 PM DATASET: imagenette
09/05 09:44:32 PM Resolution: 160
09/05 09:44:32 PM Number of classes: 10
EE epochs:  5
09/05 09:44:35 PM Experiment dir : results/search_edanas_imagenette/iter_0/net_24
09/05 09:44:35 PM Running on GPU
09/05 09:44:35 PM Model: eemobilenetv3
MODEL PATH:  NasSearchSpace/ofa/supernets/ofa_mbv3_d234_e346_k357_w1.0
09/05 09:44:36 PM DATASET: imagenette
09/05 09:44:36 PM Resolution: 160
09/05 09:44:36 PM Number of classes: 10
EE epochs:  5
09/05 09:44:38 PM Experiment dir : results/search_edanas_imagenette/iter_0/net_25
09/05 09:44:39 PM Running on GPU
09/05 09:44:39 PM Model: eemobilenetv3
MODEL PATH:  NasSearchSpace/ofa/supernets/ofa_mbv3_d234_e346_k357_w1.0
09/05 09:44:39 PM DATASET: imagenette
09/05 09:44:39 PM Resolution: 160
09/05 09:44:39 PM Number of classes: 10
EE epochs:  5
09/05 09:45:00 PM Experiment dir : results/search_edanas_imagenette/iter_0/net_26
09/05 09:45:01 PM Running on GPU
09/05 09:45:01 PM Model: eemobilenetv3
MODEL PATH:  NasSearchSpace/ofa/supernets/ofa_mbv3_d234_e346_k357_w1.0
09/05 09:45:01 PM DATASET: imagenette
09/05 09:45:01 PM Resolution: 160
09/05 09:45:01 PM Number of classes: 10
EE epochs:  5
09/05 09:45:05 PM Experiment dir : results/search_edanas_imagenette/iter_0/net_27
09/05 09:45:06 PM Running on GPU
09/05 09:45:06 PM Model: eemobilenetv3
MODEL PATH:  NasSearchSpace/ofa/supernets/ofa_mbv3_d234_e346_k357_w1.0
09/05 09:45:06 PM DATASET: imagenette
09/05 09:45:06 PM Resolution: 160
09/05 09:45:06 PM Number of classes: 10
EE epochs:  5
09/05 09:45:10 PM Experiment dir : results/search_edanas_imagenette/iter_0/net_28
09/05 09:45:11 PM Running on GPU
09/05 09:45:11 PM Model: eemobilenetv3
MODEL PATH:  NasSearchSpace/ofa/supernets/ofa_mbv3_d234_e346_k357_w1.0
09/05 09:45:11 PM DATASET: imagenette
09/05 09:45:11 PM Resolution: 160
09/05 09:45:11 PM Number of classes: 10
EE epochs:  5
09/05 09:45:14 PM Experiment dir : results/search_edanas_imagenette/iter_0/net_29
09/05 09:45:14 PM Running on GPU
09/05 09:45:14 PM Model: eemobilenetv3
MODEL PATH:  NasSearchSpace/ofa/supernets/ofa_mbv3_d234_e346_k357_w1.0
09/05 09:45:15 PM DATASET: imagenette
09/05 09:45:15 PM Resolution: 160
09/05 09:45:15 PM Number of classes: 10
EE epochs:  5
09/05 09:45:18 PM Experiment dir : results/search_edanas_imagenette/iter_0/net_30
09/05 09:45:19 PM Running on GPU
09/05 09:45:19 PM Model: eemobilenetv3
MODEL PATH:  NasSearchSpace/ofa/supernets/ofa_mbv3_d234_e346_k357_w1.0
09/05 09:45:19 PM DATASET: imagenette
09/05 09:45:19 PM Resolution: 160
09/05 09:45:19 PM Number of classes: 10
EE epochs:  5
09/05 09:45:22 PM Experiment dir : results/search_edanas_imagenette/iter_0/net_31
09/05 09:45:23 PM Running on GPU
09/05 09:45:23 PM Model: eemobilenetv3
MODEL PATH:  NasSearchSpace/ofa/supernets/ofa_mbv3_d234_e346_k357_w1.0
09/05 09:45:23 PM DATASET: imagenette
09/05 09:45:23 PM Resolution: 160
09/05 09:45:23 PM Number of classes: 10
EE epochs:  5
09/05 09:45:26 PM Experiment dir : results/search_edanas_imagenette/iter_0/net_32
09/05 09:45:27 PM Running on GPU
09/05 09:45:27 PM Model: eemobilenetv3
MODEL PATH:  NasSearchSpace/ofa/supernets/ofa_mbv3_d234_e346_k357_w1.0
09/05 09:45:27 PM DATASET: imagenette
09/05 09:45:27 PM Resolution: 160
09/05 09:45:27 PM Number of classes: 10
EE epochs:  5
09/05 09:45:30 PM Experiment dir : results/search_edanas_imagenette/iter_0/net_33
09/05 09:45:31 PM Running on GPU
09/05 09:45:31 PM Model: eemobilenetv3
MODEL PATH:  NasSearchSpace/ofa/supernets/ofa_mbv3_d234_e346_k357_w1.0
09/05 09:45:31 PM DATASET: imagenette
09/05 09:45:31 PM Resolution: 160
09/05 09:45:31 PM Number of classes: 10
EE epochs:  5
09/05 09:45:34 PM Experiment dir : results/search_edanas_imagenette/iter_0/net_34
09/05 09:45:35 PM Running on GPU
09/05 09:45:35 PM Model: eemobilenetv3
MODEL PATH:  NasSearchSpace/ofa/supernets/ofa_mbv3_d234_e346_k357_w1.0
09/05 09:45:35 PM DATASET: imagenette
09/05 09:45:35 PM Resolution: 160
09/05 09:45:35 PM Number of classes: 10
EE epochs:  5
09/05 09:45:37 PM Experiment dir : results/search_edanas_imagenette/iter_0/net_35
09/05 09:45:38 PM Running on GPU
09/05 09:45:38 PM Model: eemobilenetv3
MODEL PATH:  NasSearchSpace/ofa/supernets/ofa_mbv3_d234_e346_k357_w1.0
09/05 09:45:38 PM DATASET: imagenette
09/05 09:45:38 PM Resolution: 160
09/05 09:45:38 PM Number of classes: 10
EE epochs:  5
09/05 09:45:41 PM Experiment dir : results/search_edanas_imagenette/iter_0/net_36
09/05 09:45:42 PM Running on GPU
09/05 09:45:42 PM Model: eemobilenetv3
MODEL PATH:  NasSearchSpace/ofa/supernets/ofa_mbv3_d234_e346_k357_w1.0
09/05 09:45:42 PM DATASET: imagenette
09/05 09:45:42 PM Resolution: 160
09/05 09:45:42 PM Number of classes: 10
EE epochs:  5
09/05 09:45:45 PM Experiment dir : results/search_edanas_imagenette/iter_0/net_37
09/05 09:45:45 PM Running on GPU
09/05 09:45:45 PM Model: eemobilenetv3
MODEL PATH:  NasSearchSpace/ofa/supernets/ofa_mbv3_d234_e346_k357_w1.0
09/05 09:45:45 PM DATASET: imagenette
09/05 09:45:45 PM Resolution: 160
09/05 09:45:45 PM Number of classes: 10
EE epochs:  5
09/05 09:45:48 PM Experiment dir : results/search_edanas_imagenette/iter_0/net_38
09/05 09:45:49 PM Running on GPU
09/05 09:45:49 PM Model: eemobilenetv3
MODEL PATH:  NasSearchSpace/ofa/supernets/ofa_mbv3_d234_e346_k357_w1.0
09/05 09:45:49 PM DATASET: imagenette
09/05 09:45:49 PM Resolution: 160
09/05 09:45:49 PM Number of classes: 10
EE epochs:  5
09/05 09:45:51 PM Experiment dir : results/search_edanas_imagenette/iter_0/net_39
09/05 09:45:52 PM Running on GPU
09/05 09:45:52 PM Model: eemobilenetv3
MODEL PATH:  NasSearchSpace/ofa/supernets/ofa_mbv3_d234_e346_k357_w1.0
09/05 09:45:52 PM DATASET: imagenette
09/05 09:45:52 PM Resolution: 160
09/05 09:45:52 PM Number of classes: 10
EE epochs:  5
09/05 09:45:55 PM Experiment dir : results/search_edanas_imagenette/iter_0/net_40
09/05 09:45:56 PM Running on GPU
09/05 09:45:56 PM Model: eemobilenetv3
MODEL PATH:  NasSearchSpace/ofa/supernets/ofa_mbv3_d234_e346_k357_w1.0
09/05 09:45:56 PM DATASET: imagenette
09/05 09:45:56 PM Resolution: 160
09/05 09:45:56 PM Number of classes: 10
EE epochs:  5
09/05 09:46:00 PM Experiment dir : results/search_edanas_imagenette/iter_0/net_41
09/05 09:46:01 PM Running on GPU
09/05 09:46:01 PM Model: eemobilenetv3
MODEL PATH:  NasSearchSpace/ofa/supernets/ofa_mbv3_d234_e346_k357_w1.0
09/05 09:46:01 PM DATASET: imagenette
09/05 09:46:01 PM Resolution: 160
09/05 09:46:01 PM Number of classes: 10
EE epochs:  5
09/05 09:46:04 PM Experiment dir : results/search_edanas_imagenette/iter_0/net_42
09/05 09:46:05 PM Running on GPU
09/05 09:46:05 PM Model: eemobilenetv3
MODEL PATH:  NasSearchSpace/ofa/supernets/ofa_mbv3_d234_e346_k357_w1.0
09/05 09:46:05 PM DATASET: imagenette
09/05 09:46:05 PM Resolution: 160
09/05 09:46:05 PM Number of classes: 10
EE epochs:  5
09/05 09:46:08 PM Experiment dir : results/search_edanas_imagenette/iter_0/net_43
09/05 09:46:08 PM Running on GPU
09/05 09:46:08 PM Model: eemobilenetv3
MODEL PATH:  NasSearchSpace/ofa/supernets/ofa_mbv3_d234_e346_k357_w1.0
09/05 09:46:08 PM DATASET: imagenette
09/05 09:46:08 PM Resolution: 160
09/05 09:46:08 PM Number of classes: 10
EE epochs:  5
09/05 09:46:12 PM Experiment dir : results/search_edanas_imagenette/iter_0/net_44
09/05 09:46:13 PM Running on GPU
09/05 09:46:13 PM Model: eemobilenetv3
MODEL PATH:  NasSearchSpace/ofa/supernets/ofa_mbv3_d234_e346_k357_w1.0
09/05 09:46:13 PM DATASET: imagenette
09/05 09:46:13 PM Resolution: 160
09/05 09:46:13 PM Number of classes: 10
EE epochs:  5
09/05 09:46:16 PM Experiment dir : results/search_edanas_imagenette/iter_0/net_45
09/05 09:46:17 PM Running on GPU
09/05 09:46:17 PM Model: eemobilenetv3
MODEL PATH:  NasSearchSpace/ofa/supernets/ofa_mbv3_d234_e346_k357_w1.0
09/05 09:46:17 PM DATASET: imagenette
09/05 09:46:17 PM Resolution: 160
09/05 09:46:17 PM Number of classes: 10
EE epochs:  5
09/05 09:46:20 PM Experiment dir : results/search_edanas_imagenette/iter_0/net_46
09/05 09:46:21 PM Running on GPU
09/05 09:46:21 PM Model: eemobilenetv3
MODEL PATH:  NasSearchSpace/ofa/supernets/ofa_mbv3_d234_e346_k357_w1.0
09/05 09:46:21 PM DATASET: imagenette
09/05 09:46:21 PM Resolution: 160
09/05 09:46:21 PM Number of classes: 10
EE epochs:  5
09/05 09:46:24 PM Experiment dir : results/search_edanas_imagenette/iter_0/net_47
09/05 09:46:25 PM Running on GPU
09/05 09:46:25 PM Model: eemobilenetv3
MODEL PATH:  NasSearchSpace/ofa/supernets/ofa_mbv3_d234_e346_k357_w1.0
09/05 09:46:25 PM DATASET: imagenette
09/05 09:46:25 PM Resolution: 160
09/05 09:46:25 PM Number of classes: 10
EE epochs:  5
09/05 09:46:27 PM Experiment dir : results/search_edanas_imagenette/iter_0/net_48
09/05 09:46:28 PM Running on GPU
09/05 09:46:28 PM Model: eemobilenetv3
MODEL PATH:  NasSearchSpace/ofa/supernets/ofa_mbv3_d234_e346_k357_w1.0
09/05 09:46:29 PM DATASET: imagenette
09/05 09:46:29 PM Resolution: 160
09/05 09:46:29 PM Number of classes: 10
EE epochs:  5
09/05 09:46:32 PM Experiment dir : results/search_edanas_imagenette/iter_0/net_49
09/05 09:46:33 PM Running on GPU
09/05 09:46:33 PM Model: eemobilenetv3
MODEL PATH:  NasSearchSpace/ofa/supernets/ofa_mbv3_d234_e346_k357_w1.0
09/05 09:46:33 PM DATASET: imagenette
09/05 09:46:33 PM Resolution: 160
09/05 09:46:33 PM Number of classes: 10
EE epochs:  5
09/05 09:46:36 PM Experiment dir : results/search_edanas_imagenette/iter_0/net_50
09/05 09:46:36 PM Running on GPU
09/05 09:46:36 PM Model: eemobilenetv3
MODEL PATH:  NasSearchSpace/ofa/supernets/ofa_mbv3_d234_e346_k357_w1.0
09/05 09:46:37 PM DATASET: imagenette
09/05 09:46:37 PM Resolution: 160
09/05 09:46:37 PM Number of classes: 10
EE epochs:  5
09/05 09:46:39 PM Experiment dir : results/search_edanas_imagenette/iter_0/net_51
09/05 09:46:39 PM Running on GPU
09/05 09:46:40 PM Model: eemobilenetv3
MODEL PATH:  NasSearchSpace/ofa/supernets/ofa_mbv3_d234_e346_k357_w1.0
09/05 09:46:40 PM DATASET: imagenette
09/05 09:46:40 PM Resolution: 160
09/05 09:46:40 PM Number of classes: 10
EE epochs:  5
09/05 09:46:42 PM Experiment dir : results/search_edanas_imagenette/iter_0/net_52
09/05 09:46:43 PM Running on GPU
09/05 09:46:43 PM Model: eemobilenetv3
MODEL PATH:  NasSearchSpace/ofa/supernets/ofa_mbv3_d234_e346_k357_w1.0
09/05 09:46:43 PM DATASET: imagenette
09/05 09:46:43 PM Resolution: 160
09/05 09:46:43 PM Number of classes: 10
EE epochs:  5
09/05 09:46:46 PM Experiment dir : results/search_edanas_imagenette/iter_0/net_53
09/05 09:46:46 PM Running on GPU
09/05 09:46:46 PM Model: eemobilenetv3
MODEL PATH:  NasSearchSpace/ofa/supernets/ofa_mbv3_d234_e346_k357_w1.0
09/05 09:46:47 PM DATASET: imagenette
09/05 09:46:47 PM Resolution: 160
09/05 09:46:47 PM Number of classes: 10
EE epochs:  5
09/05 09:46:49 PM Experiment dir : results/search_edanas_imagenette/iter_0/net_54
09/05 09:46:50 PM Running on GPU
09/05 09:46:50 PM Model: eemobilenetv3
MODEL PATH:  NasSearchSpace/ofa/supernets/ofa_mbv3_d234_e346_k357_w1.0
09/05 09:46:50 PM DATASET: imagenette
09/05 09:46:50 PM Resolution: 160
09/05 09:46:50 PM Number of classes: 10
EE epochs:  5
09/05 09:46:53 PM Experiment dir : results/search_edanas_imagenette/iter_0/net_55
09/05 09:46:53 PM Running on GPU
09/05 09:46:53 PM Model: eemobilenetv3
MODEL PATH:  NasSearchSpace/ofa/supernets/ofa_mbv3_d234_e346_k357_w1.0
09/05 09:46:54 PM DATASET: imagenette
09/05 09:46:54 PM Resolution: 160
09/05 09:46:54 PM Number of classes: 10
EE epochs:  5
09/05 09:46:57 PM Experiment dir : results/search_edanas_imagenette/iter_0/net_56
09/05 09:46:58 PM Running on GPU
09/05 09:46:58 PM Model: eemobilenetv3
MODEL PATH:  NasSearchSpace/ofa/supernets/ofa_mbv3_d234_e346_k357_w1.0
09/05 09:46:58 PM DATASET: imagenette
09/05 09:46:58 PM Resolution: 160
09/05 09:46:58 PM Number of classes: 10
EE epochs:  5
09/05 09:47:02 PM Experiment dir : results/search_edanas_imagenette/iter_0/net_57
09/05 09:47:03 PM Running on GPU
09/05 09:47:03 PM Model: eemobilenetv3
MODEL PATH:  NasSearchSpace/ofa/supernets/ofa_mbv3_d234_e346_k357_w1.0
09/05 09:47:03 PM DATASET: imagenette
09/05 09:47:03 PM Resolution: 160
09/05 09:47:03 PM Number of classes: 10
EE epochs:  5
09/05 09:47:17 PM Experiment dir : results/search_edanas_imagenette/iter_0/net_58
09/05 09:47:18 PM Running on GPU
09/05 09:47:18 PM Model: eemobilenetv3
MODEL PATH:  NasSearchSpace/ofa/supernets/ofa_mbv3_d234_e346_k357_w1.0
09/05 09:47:18 PM DATASET: imagenette
09/05 09:47:18 PM Resolution: 160
09/05 09:47:18 PM Number of classes: 10
EE epochs:  5
09/05 09:47:47 PM Experiment dir : results/search_edanas_imagenette/iter_0/net_59
09/05 09:47:48 PM Running on GPU
09/05 09:47:48 PM Model: eemobilenetv3
MODEL PATH:  NasSearchSpace/ofa/supernets/ofa_mbv3_d234_e346_k357_w1.0
09/05 09:47:48 PM DATASET: imagenette
09/05 09:47:48 PM Resolution: 160
09/05 09:47:48 PM Number of classes: 10
EE epochs:  5
09/05 09:47:58 PM Experiment dir : results/search_edanas_imagenette/iter_0/net_60
09/05 09:47:59 PM Running on GPU
09/05 09:47:59 PM Model: eemobilenetv3
MODEL PATH:  NasSearchSpace/ofa/supernets/ofa_mbv3_d234_e346_k357_w1.0
09/05 09:47:59 PM DATASET: imagenette
09/05 09:47:59 PM Resolution: 160
09/05 09:47:59 PM Number of classes: 10
EE epochs:  5
09/05 09:48:13 PM Experiment dir : results/search_edanas_imagenette/iter_0/net_61
09/05 09:48:14 PM Running on GPU
09/05 09:48:14 PM Model: eemobilenetv3
MODEL PATH:  NasSearchSpace/ofa/supernets/ofa_mbv3_d234_e346_k357_w1.0
09/05 09:48:14 PM DATASET: imagenette
09/05 09:48:14 PM Resolution: 160
09/05 09:48:14 PM Number of classes: 10
EE epochs:  5
09/05 09:48:24 PM Experiment dir : results/search_edanas_imagenette/iter_0/net_62
09/05 09:48:24 PM Running on GPU
09/05 09:48:24 PM Model: eemobilenetv3
MODEL PATH:  NasSearchSpace/ofa/supernets/ofa_mbv3_d234_e346_k357_w1.0
09/05 09:48:25 PM DATASET: imagenette
09/05 09:48:25 PM Resolution: 160
09/05 09:48:25 PM Number of classes: 10
EE epochs:  5
09/05 09:48:46 PM Experiment dir : results/search_edanas_imagenette/iter_0/net_63
09/05 09:48:47 PM Running on GPU
09/05 09:48:47 PM Model: eemobilenetv3
MODEL PATH:  NasSearchSpace/ofa/supernets/ofa_mbv3_d234_e346_k357_w1.0
09/05 09:48:47 PM DATASET: imagenette
09/05 09:48:47 PM Resolution: 160
09/05 09:48:47 PM Number of classes: 10
EE epochs:  5
09/05 09:48:59 PM Experiment dir : results/search_edanas_imagenette/iter_0/net_64
09/05 09:49:00 PM Running on GPU
09/05 09:49:00 PM Model: eemobilenetv3
MODEL PATH:  NasSearchSpace/ofa/supernets/ofa_mbv3_d234_e346_k357_w1.0
09/05 09:49:00 PM DATASET: imagenette
09/05 09:49:00 PM Resolution: 160
09/05 09:49:00 PM Number of classes: 10
EE epochs:  5
09/05 09:49:22 PM Experiment dir : results/search_edanas_imagenette/iter_0/net_65
09/05 09:49:23 PM Running on GPU
09/05 09:49:23 PM Model: eemobilenetv3
MODEL PATH:  NasSearchSpace/ofa/supernets/ofa_mbv3_d234_e346_k357_w1.0
09/05 09:49:23 PM DATASET: imagenette
09/05 09:49:23 PM Resolution: 160
09/05 09:49:23 PM Number of classes: 10
EE epochs:  5
09/05 09:49:39 PM Experiment dir : results/search_edanas_imagenette/iter_0/net_66
09/05 09:49:40 PM Running on GPU
09/05 09:49:40 PM Model: eemobilenetv3
MODEL PATH:  NasSearchSpace/ofa/supernets/ofa_mbv3_d234_e346_k357_w1.0
09/05 09:49:40 PM DATASET: imagenette
09/05 09:49:40 PM Resolution: 160
09/05 09:49:40 PM Number of classes: 10
EE epochs:  5
09/05 09:49:53 PM Experiment dir : results/search_edanas_imagenette/iter_0/net_67
09/05 09:49:54 PM Running on GPU
09/05 09:49:54 PM Model: eemobilenetv3
MODEL PATH:  NasSearchSpace/ofa/supernets/ofa_mbv3_d234_e346_k357_w1.0
09/05 09:49:54 PM DATASET: imagenette
09/05 09:49:54 PM Resolution: 160
09/05 09:49:54 PM Number of classes: 10
EE epochs:  5
09/05 09:50:03 PM Experiment dir : results/search_edanas_imagenette/iter_0/net_68
09/05 09:50:04 PM Running on GPU
09/05 09:50:04 PM Model: eemobilenetv3
MODEL PATH:  NasSearchSpace/ofa/supernets/ofa_mbv3_d234_e346_k357_w1.0
09/05 09:50:04 PM DATASET: imagenette
09/05 09:50:04 PM Resolution: 160
09/05 09:50:04 PM Number of classes: 10
EE epochs:  5
09/05 09:50:19 PM Experiment dir : results/search_edanas_imagenette/iter_0/net_69
09/05 09:50:20 PM Running on GPU
09/05 09:50:20 PM Model: eemobilenetv3
MODEL PATH:  NasSearchSpace/ofa/supernets/ofa_mbv3_d234_e346_k357_w1.0
09/05 09:50:20 PM DATASET: imagenette
09/05 09:50:20 PM Resolution: 160
09/05 09:50:20 PM Number of classes: 10
EE epochs:  5
09/05 09:50:32 PM Experiment dir : results/search_edanas_imagenette/iter_0/net_70
09/05 09:50:33 PM Running on GPU
09/05 09:50:33 PM Model: eemobilenetv3
MODEL PATH:  NasSearchSpace/ofa/supernets/ofa_mbv3_d234_e346_k357_w1.0
09/05 09:50:34 PM DATASET: imagenette
09/05 09:50:34 PM Resolution: 160
09/05 09:50:34 PM Number of classes: 10
EE epochs:  5
09/05 09:50:45 PM Experiment dir : results/search_edanas_imagenette/iter_0/net_71
09/05 09:50:46 PM Running on GPU
09/05 09:50:46 PM Model: eemobilenetv3
MODEL PATH:  NasSearchSpace/ofa/supernets/ofa_mbv3_d234_e346_k357_w1.0
09/05 09:50:47 PM DATASET: imagenette
09/05 09:50:47 PM Resolution: 160
09/05 09:50:47 PM Number of classes: 10
EE epochs:  5
09/05 09:51:01 PM Experiment dir : results/search_edanas_imagenette/iter_0/net_72
09/05 09:51:02 PM Running on GPU
09/05 09:51:02 PM Model: eemobilenetv3
MODEL PATH:  NasSearchSpace/ofa/supernets/ofa_mbv3_d234_e346_k357_w1.0
09/05 09:51:02 PM DATASET: imagenette
09/05 09:51:02 PM Resolution: 160
09/05 09:51:02 PM Number of classes: 10
EE epochs:  5
09/05 09:51:11 PM Experiment dir : results/search_edanas_imagenette/iter_0/net_73
09/05 09:51:12 PM Running on GPU
09/05 09:51:12 PM Model: eemobilenetv3
MODEL PATH:  NasSearchSpace/ofa/supernets/ofa_mbv3_d234_e346_k357_w1.0
09/05 09:51:12 PM DATASET: imagenette
09/05 09:51:12 PM Resolution: 160
09/05 09:51:12 PM Number of classes: 10
EE epochs:  5
09/05 09:51:37 PM Experiment dir : results/search_edanas_imagenette/iter_0/net_74
09/05 09:51:38 PM Running on GPU
09/05 09:51:38 PM Model: eemobilenetv3
MODEL PATH:  NasSearchSpace/ofa/supernets/ofa_mbv3_d234_e346_k357_w1.0
09/05 09:51:38 PM DATASET: imagenette
09/05 09:51:38 PM Resolution: 160
09/05 09:51:38 PM Number of classes: 10
EE epochs:  5
09/05 09:51:56 PM Experiment dir : results/search_edanas_imagenette/iter_0/net_75
09/05 09:51:57 PM Running on GPU
09/05 09:51:57 PM Model: eemobilenetv3
MODEL PATH:  NasSearchSpace/ofa/supernets/ofa_mbv3_d234_e346_k357_w1.0
09/05 09:51:57 PM DATASET: imagenette
09/05 09:51:57 PM Resolution: 160
09/05 09:51:57 PM Number of classes: 10
EE epochs:  5
09/05 09:52:19 PM Experiment dir : results/search_edanas_imagenette/iter_0/net_76
09/05 09:52:20 PM Running on GPU
09/05 09:52:20 PM Model: eemobilenetv3
MODEL PATH:  NasSearchSpace/ofa/supernets/ofa_mbv3_d234_e346_k357_w1.0
09/05 09:52:20 PM DATASET: imagenette
09/05 09:52:20 PM Resolution: 160
09/05 09:52:20 PM Number of classes: 10
EE epochs:  5
09/05 09:52:39 PM Experiment dir : results/search_edanas_imagenette/iter_0/net_77
09/05 09:52:39 PM Running on GPU
09/05 09:52:40 PM Model: eemobilenetv3
MODEL PATH:  NasSearchSpace/ofa/supernets/ofa_mbv3_d234_e346_k357_w1.0
09/05 09:52:40 PM DATASET: imagenette
09/05 09:52:40 PM Resolution: 160
09/05 09:52:40 PM Number of classes: 10
EE epochs:  5
09/05 09:52:55 PM Experiment dir : results/search_edanas_imagenette/iter_0/net_78
09/05 09:52:56 PM Running on GPU
09/05 09:52:56 PM Model: eemobilenetv3
MODEL PATH:  NasSearchSpace/ofa/supernets/ofa_mbv3_d234_e346_k357_w1.0
09/05 09:52:56 PM DATASET: imagenette
09/05 09:52:56 PM Resolution: 160
09/05 09:52:56 PM Number of classes: 10
EE epochs:  5
09/05 09:53:11 PM Experiment dir : results/search_edanas_imagenette/iter_0/net_79
09/05 09:53:12 PM Running on GPU
09/05 09:53:12 PM Model: eemobilenetv3
MODEL PATH:  NasSearchSpace/ofa/supernets/ofa_mbv3_d234_e346_k357_w1.0
09/05 09:53:12 PM DATASET: imagenette
09/05 09:53:12 PM Resolution: 160
09/05 09:53:12 PM Number of classes: 10
EE epochs:  5
09/05 09:53:36 PM Experiment dir : results/search_edanas_imagenette/iter_0/net_80
09/05 09:53:36 PM Running on GPU
09/05 09:53:36 PM Model: eemobilenetv3
MODEL PATH:  NasSearchSpace/ofa/supernets/ofa_mbv3_d234_e346_k357_w1.0
09/05 09:53:37 PM DATASET: imagenette
09/05 09:53:37 PM Resolution: 160
09/05 09:53:37 PM Number of classes: 10
EE epochs:  5
09/05 09:53:53 PM Experiment dir : results/search_edanas_imagenette/iter_0/net_81
09/05 09:53:53 PM Running on GPU
09/05 09:53:53 PM Model: eemobilenetv3
MODEL PATH:  NasSearchSpace/ofa/supernets/ofa_mbv3_d234_e346_k357_w1.0
09/05 09:53:54 PM DATASET: imagenette
09/05 09:53:54 PM Resolution: 160
09/05 09:53:54 PM Number of classes: 10
EE epochs:  5
09/05 09:54:03 PM Experiment dir : results/search_edanas_imagenette/iter_0/net_82
09/05 09:54:04 PM Running on GPU
09/05 09:54:04 PM Model: eemobilenetv3
MODEL PATH:  NasSearchSpace/ofa/supernets/ofa_mbv3_d234_e346_k357_w1.0
09/05 09:54:04 PM DATASET: imagenette
09/05 09:54:04 PM Resolution: 160
09/05 09:54:04 PM Number of classes: 10
EE epochs:  5
09/05 09:54:11 PM Experiment dir : results/search_edanas_imagenette/iter_0/net_83
09/05 09:54:12 PM Running on GPU
09/05 09:54:12 PM Model: eemobilenetv3
MODEL PATH:  NasSearchSpace/ofa/supernets/ofa_mbv3_d234_e346_k357_w1.0
09/05 09:54:12 PM DATASET: imagenette
09/05 09:54:12 PM Resolution: 160
09/05 09:54:12 PM Number of classes: 10
EE epochs:  5
09/05 09:54:22 PM Experiment dir : results/search_edanas_imagenette/iter_0/net_84
09/05 09:54:23 PM Running on GPU
09/05 09:54:23 PM Model: eemobilenetv3
MODEL PATH:  NasSearchSpace/ofa/supernets/ofa_mbv3_d234_e346_k357_w1.0
09/05 09:54:23 PM DATASET: imagenette
09/05 09:54:23 PM Resolution: 160
09/05 09:54:23 PM Number of classes: 10
EE epochs:  5
09/05 09:54:41 PM Experiment dir : results/search_edanas_imagenette/iter_0/net_85
09/05 09:54:42 PM Running on GPU
09/05 09:54:42 PM Model: eemobilenetv3
MODEL PATH:  NasSearchSpace/ofa/supernets/ofa_mbv3_d234_e346_k357_w1.0
09/05 09:54:43 PM DATASET: imagenette
09/05 09:54:43 PM Resolution: 160
09/05 09:54:43 PM Number of classes: 10
EE epochs:  5
09/05 09:54:55 PM Experiment dir : results/search_edanas_imagenette/iter_0/net_86
09/05 09:54:56 PM Running on GPU
09/05 09:54:56 PM Model: eemobilenetv3
MODEL PATH:  NasSearchSpace/ofa/supernets/ofa_mbv3_d234_e346_k357_w1.0
09/05 09:54:56 PM DATASET: imagenette
09/05 09:54:56 PM Resolution: 160
09/05 09:54:56 PM Number of classes: 10
EE epochs:  5
09/05 09:55:06 PM Experiment dir : results/search_edanas_imagenette/iter_0/net_87
09/05 09:55:07 PM Running on GPU
09/05 09:55:07 PM Model: eemobilenetv3
MODEL PATH:  NasSearchSpace/ofa/supernets/ofa_mbv3_d234_e346_k357_w1.0
09/05 09:55:07 PM DATASET: imagenette
09/05 09:55:07 PM Resolution: 160
09/05 09:55:07 PM Number of classes: 10
EE epochs:  5
09/05 09:55:25 PM Experiment dir : results/search_edanas_imagenette/iter_0/net_88
09/05 09:55:25 PM Running on GPU
09/05 09:55:25 PM Model: eemobilenetv3
MODEL PATH:  NasSearchSpace/ofa/supernets/ofa_mbv3_d234_e346_k357_w1.0
09/05 09:55:26 PM DATASET: imagenette
09/05 09:55:26 PM Resolution: 160
09/05 09:55:26 PM Number of classes: 10
EE epochs:  5
09/05 09:55:51 PM Experiment dir : results/search_edanas_imagenette/iter_0/net_89
09/05 09:55:51 PM Running on GPU
09/05 09:55:52 PM Model: eemobilenetv3
MODEL PATH:  NasSearchSpace/ofa/supernets/ofa_mbv3_d234_e346_k357_w1.0
09/05 09:55:52 PM DATASET: imagenette
09/05 09:55:52 PM Resolution: 160
09/05 09:55:52 PM Number of classes: 10
EE epochs:  5
09/05 09:56:12 PM Experiment dir : results/search_edanas_imagenette/iter_0/net_90
09/05 09:56:12 PM Running on GPU
09/05 09:56:13 PM Model: eemobilenetv3
MODEL PATH:  NasSearchSpace/ofa/supernets/ofa_mbv3_d234_e346_k357_w1.0
09/05 09:56:13 PM DATASET: imagenette
09/05 09:56:13 PM Resolution: 160
09/05 09:56:13 PM Number of classes: 10
EE epochs:  5
09/05 09:56:25 PM Experiment dir : results/search_edanas_imagenette/iter_0/net_91
09/05 09:56:25 PM Running on GPU
09/05 09:56:25 PM Model: eemobilenetv3
MODEL PATH:  NasSearchSpace/ofa/supernets/ofa_mbv3_d234_e346_k357_w1.0
09/05 09:56:26 PM DATASET: imagenette
09/05 09:56:26 PM Resolution: 160
09/05 09:56:26 PM Number of classes: 10
EE epochs:  5
09/05 09:56:37 PM Experiment dir : results/search_edanas_imagenette/iter_0/net_92
09/05 09:56:38 PM Running on GPU
09/05 09:56:38 PM Model: eemobilenetv3
MODEL PATH:  NasSearchSpace/ofa/supernets/ofa_mbv3_d234_e346_k357_w1.0
09/05 09:56:38 PM DATASET: imagenette
09/05 09:56:38 PM Resolution: 160
09/05 09:56:38 PM Number of classes: 10
EE epochs:  5
09/05 09:56:57 PM Experiment dir : results/search_edanas_imagenette/iter_0/net_93
09/05 09:56:58 PM Running on GPU
09/05 09:56:58 PM Model: eemobilenetv3
MODEL PATH:  NasSearchSpace/ofa/supernets/ofa_mbv3_d234_e346_k357_w1.0
09/05 09:56:58 PM DATASET: imagenette
09/05 09:56:58 PM Resolution: 160
09/05 09:56:58 PM Number of classes: 10
EE epochs:  5
09/05 09:57:13 PM Experiment dir : results/search_edanas_imagenette/iter_0/net_94
09/05 09:57:14 PM Running on GPU
09/05 09:57:14 PM Model: eemobilenetv3
MODEL PATH:  NasSearchSpace/ofa/supernets/ofa_mbv3_d234_e346_k357_w1.0
09/05 09:57:14 PM DATASET: imagenette
09/05 09:57:14 PM Resolution: 160
09/05 09:57:14 PM Number of classes: 10
EE epochs:  5
09/05 09:57:24 PM Experiment dir : results/search_edanas_imagenette/iter_0/net_95
09/05 09:57:25 PM Running on GPU
09/05 09:57:25 PM Model: eemobilenetv3
MODEL PATH:  NasSearchSpace/ofa/supernets/ofa_mbv3_d234_e346_k357_w1.0
09/05 09:57:25 PM DATASET: imagenette
09/05 09:57:25 PM Resolution: 160
09/05 09:57:25 PM Number of classes: 10
EE epochs:  5
09/05 09:57:36 PM Experiment dir : results/search_edanas_imagenette/iter_0/net_96
09/05 09:57:36 PM Running on GPU
09/05 09:57:37 PM Model: eemobilenetv3
MODEL PATH:  NasSearchSpace/ofa/supernets/ofa_mbv3_d234_e346_k357_w1.0
09/05 09:57:37 PM DATASET: imagenette
09/05 09:57:37 PM Resolution: 160
09/05 09:57:37 PM Number of classes: 10
EE epochs:  5
09/05 09:57:55 PM Experiment dir : results/search_edanas_imagenette/iter_0/net_97
09/05 09:57:56 PM Running on GPU
09/05 09:57:56 PM Model: eemobilenetv3
MODEL PATH:  NasSearchSpace/ofa/supernets/ofa_mbv3_d234_e346_k357_w1.0
09/05 09:57:56 PM DATASET: imagenette
09/05 09:57:56 PM Resolution: 160
09/05 09:57:56 PM Number of classes: 10
EE epochs:  5
09/05 09:58:27 PM Experiment dir : results/search_edanas_imagenette/iter_0/net_98
09/05 09:58:28 PM Running on GPU
09/05 09:58:28 PM Model: eemobilenetv3
MODEL PATH:  NasSearchSpace/ofa/supernets/ofa_mbv3_d234_e346_k357_w1.0
09/05 09:58:28 PM DATASET: imagenette
09/05 09:58:28 PM Resolution: 160
09/05 09:58:28 PM Number of classes: 10
EE epochs:  5
09/05 09:58:45 PM Experiment dir : results/search_edanas_imagenette/iter_0/net_99
09/05 09:58:46 PM Running on GPU
09/05 09:58:46 PM Model: eemobilenetv3
MODEL PATH:  NasSearchSpace/ofa/supernets/ofa_mbv3_d234_e346_k357_w1.0
09/05 09:58:46 PM DATASET: imagenette
09/05 09:58:46 PM Resolution: 160
09/05 09:58:46 PM Number of classes: 10
EE epochs:  5
GPU LIST: None
